0 info it worked if it ends with ok
1 verbose cli [ '/usr/bin/nodejs',
1 verbose cli   '/usr/bin/npm',
1 verbose cli   'install',
1 verbose cli   '-g',
1 verbose cli   'express-generator' ]
2 info using npm@3.5.2
3 info using node@v4.2.6
4 silly loadCurrentTree Starting
5 silly install loadCurrentTree
6 silly install readGlobalPackageData
7 silly fetchPackageMetaData express-generator
8 silly fetchNamedPackageData express-generator
9 silly mapToRegistry name express-generator
10 silly mapToRegistry using default registry
11 silly mapToRegistry registry https://registry.npmjs.org/
12 silly mapToRegistry uri https://registry.npmjs.org/express-generator
13 verbose request uri https://registry.npmjs.org/express-generator
14 verbose request no auth needed
15 info attempt registry request try #1 at 7:35:00 PM
16 verbose request id 9ce87c1d2ffc5831
17 verbose etag "5a599b8a-a9a4"
18 verbose lastModified Sat, 13 Jan 2018 5:39:22 GMT
19 http request GET https://registry.npmjs.org/express-generator
20 http 304 https://registry.npmjs.org/express-generator
21 verbose headers { date: 'Wed, 24 Jan 2018 14:05:00 GMT',
21 verbose headers   via: '1.1 varnish',
21 verbose headers   'cache-control': 'max-age=300',
21 verbose headers   etag: '"5a599b8a-a9a4"',
21 verbose headers   age: '2134',
21 verbose headers   connection: 'keep-alive',
21 verbose headers   'x-served-by': 'cache-sin18025-SIN',
21 verbose headers   'x-cache': 'HIT',
21 verbose headers   'x-cache-hits': '2',
21 verbose headers   'x-timer': 'S1516802701.799002,VS0,VE0',
21 verbose headers   vary: 'Accept-Encoding, Accept' }
22 silly get cb [ 304,
22 silly get   { date: 'Wed, 24 Jan 2018 14:05:00 GMT',
22 silly get     via: '1.1 varnish',
22 silly get     'cache-control': 'max-age=300',
22 silly get     etag: '"5a599b8a-a9a4"',
22 silly get     age: '2134',
22 silly get     connection: 'keep-alive',
22 silly get     'x-served-by': 'cache-sin18025-SIN',
22 silly get     'x-cache': 'HIT',
22 silly get     'x-cache-hits': '2',
22 silly get     'x-timer': 'S1516802701.799002,VS0,VE0',
22 silly get     vary: 'Accept-Encoding, Accept' } ]
23 verbose etag https://registry.npmjs.org/express-generator from cache
24 verbose get saving express-generator to /home/la.kumar/.npm/registry.npmjs.org/express-generator/.cache.json
25 silly install normalizeTree
26 silly loadCurrentTree Finishing
27 silly loadIdealTree Starting
28 silly install loadIdealTree
29 silly cloneCurrentTree Starting
30 silly install cloneCurrentTreeToIdealTree
31 silly cloneCurrentTree Finishing
32 silly loadShrinkwrap Starting
33 silly install loadShrinkwrap
34 silly loadShrinkwrap Finishing
35 silly loadAllDepsIntoIdealTree Starting
36 silly install loadAllDepsIntoIdealTree
37 silly resolveWithNewModule express-generator@4.15.5 checking installable status
38 silly cache add args [ 'express-generator', null ]
39 verbose cache add spec express-generator
40 silly cache add parsed spec Result {
40 silly cache add   raw: 'express-generator',
40 silly cache add   scope: null,
40 silly cache add   name: 'express-generator',
40 silly cache add   rawSpec: '',
40 silly cache add   spec: 'latest',
40 silly cache add   type: 'tag' }
41 silly addNamed express-generator@latest
42 verbose addNamed "latest" is being treated as a dist-tag for express-generator
43 info addNameTag [ 'express-generator', 'latest' ]
44 silly mapToRegistry name express-generator
45 silly mapToRegistry using default registry
46 silly mapToRegistry registry https://registry.npmjs.org/
47 silly mapToRegistry uri https://registry.npmjs.org/express-generator
48 verbose addNameTag registry:https://registry.npmjs.org/express-generator not in flight; fetching
49 verbose get https://registry.npmjs.org/express-generator not expired, no request
50 silly addNameTag next cb for express-generator with tag latest
51 silly addNamed express-generator@4.15.5
52 verbose addNamed "4.15.5" is a plain semver version for express-generator
53 silly cache afterAdd express-generator@4.15.5
54 verbose afterAdd /home/la.kumar/.npm/express-generator/4.15.5/package/package.json not in flight; writing
55 verbose afterAdd /home/la.kumar/.npm/express-generator/4.15.5/package/package.json written
56 silly fetchNamedPackageData commander
57 silly mapToRegistry name commander
58 silly mapToRegistry using default registry
59 silly mapToRegistry registry https://registry.npmjs.org/
60 silly mapToRegistry uri https://registry.npmjs.org/commander
61 silly fetchNamedPackageData ejs
62 silly mapToRegistry name ejs
63 silly mapToRegistry using default registry
64 silly mapToRegistry registry https://registry.npmjs.org/
65 silly mapToRegistry uri https://registry.npmjs.org/ejs
66 silly fetchNamedPackageData mkdirp
67 silly mapToRegistry name mkdirp
68 silly mapToRegistry using default registry
69 silly mapToRegistry registry https://registry.npmjs.org/
70 silly mapToRegistry uri https://registry.npmjs.org/mkdirp
71 silly fetchNamedPackageData sorted-object
72 silly mapToRegistry name sorted-object
73 silly mapToRegistry using default registry
74 silly mapToRegistry registry https://registry.npmjs.org/
75 silly mapToRegistry uri https://registry.npmjs.org/sorted-object
76 verbose request uri https://registry.npmjs.org/commander
77 verbose request no auth needed
78 info attempt registry request try #1 at 7:35:01 PM
79 verbose etag "5a677868-1398c"
80 verbose lastModified Tue, 23 Jan 2018 18:01:12 GMT
81 http request GET https://registry.npmjs.org/commander
82 verbose request uri https://registry.npmjs.org/sorted-object
83 verbose request no auth needed
84 info attempt registry request try #1 at 7:35:01 PM
85 verbose etag "57d499b1-1545"
86 verbose lastModified Sat, 10 Sep 2016 23:39:29 GMT
87 http request GET https://registry.npmjs.org/sorted-object
88 verbose request uri https://registry.npmjs.org/mkdirp
89 verbose request no auth needed
90 info attempt registry request try #1 at 7:35:01 PM
91 verbose etag "5a66c17f-697a"
92 verbose lastModified Tue, 23 Jan 2018 5:00:47 GMT
93 http request GET https://registry.npmjs.org/mkdirp
94 verbose request uri https://registry.npmjs.org/ejs
95 verbose request no auth needed
96 info attempt registry request try #1 at 7:35:01 PM
97 verbose etag "5a6709fc-12095"
98 verbose lastModified Tue, 23 Jan 2018 10:10:04 GMT
99 http request GET https://registry.npmjs.org/ejs
100 http 304 https://registry.npmjs.org/commander
101 verbose headers { date: 'Wed, 24 Jan 2018 14:05:01 GMT',
101 verbose headers   via: '1.1 varnish',
101 verbose headers   'cache-control': 'max-age=300',
101 verbose headers   etag: '"5a677868-1398c"',
101 verbose headers   age: '188',
101 verbose headers   connection: 'keep-alive',
101 verbose headers   'x-served-by': 'cache-sin18033-SIN',
101 verbose headers   'x-cache': 'HIT',
101 verbose headers   'x-cache-hits': '8',
101 verbose headers   'x-timer': 'S1516802701.293565,VS0,VE0',
101 verbose headers   vary: 'Accept-Encoding, Accept' }
102 silly get cb [ 304,
102 silly get   { date: 'Wed, 24 Jan 2018 14:05:01 GMT',
102 silly get     via: '1.1 varnish',
102 silly get     'cache-control': 'max-age=300',
102 silly get     etag: '"5a677868-1398c"',
102 silly get     age: '188',
102 silly get     connection: 'keep-alive',
102 silly get     'x-served-by': 'cache-sin18033-SIN',
102 silly get     'x-cache': 'HIT',
102 silly get     'x-cache-hits': '8',
102 silly get     'x-timer': 'S1516802701.293565,VS0,VE0',
102 silly get     vary: 'Accept-Encoding, Accept' } ]
103 verbose etag https://registry.npmjs.org/commander from cache
104 verbose get saving commander to /home/la.kumar/.npm/registry.npmjs.org/commander/.cache.json
105 http 304 https://registry.npmjs.org/sorted-object
106 verbose headers { date: 'Wed, 24 Jan 2018 14:05:01 GMT',
106 verbose headers   via: '1.1 varnish',
106 verbose headers   'cache-control': 'max-age=300',
106 verbose headers   etag: '"57d499b1-1545"',
106 verbose headers   age: '12298',
106 verbose headers   connection: 'keep-alive',
106 verbose headers   'x-served-by': 'cache-sin18020-SIN',
106 verbose headers   'x-cache': 'HIT',
106 verbose headers   'x-cache-hits': '1',
106 verbose headers   'x-timer': 'S1516802701.302544,VS0,VE0',
106 verbose headers   vary: 'Accept-Encoding, Accept' }
107 silly get cb [ 304,
107 silly get   { date: 'Wed, 24 Jan 2018 14:05:01 GMT',
107 silly get     via: '1.1 varnish',
107 silly get     'cache-control': 'max-age=300',
107 silly get     etag: '"57d499b1-1545"',
107 silly get     age: '12298',
107 silly get     connection: 'keep-alive',
107 silly get     'x-served-by': 'cache-sin18020-SIN',
107 silly get     'x-cache': 'HIT',
107 silly get     'x-cache-hits': '1',
107 silly get     'x-timer': 'S1516802701.302544,VS0,VE0',
107 silly get     vary: 'Accept-Encoding, Accept' } ]
108 verbose etag https://registry.npmjs.org/sorted-object from cache
109 verbose get saving sorted-object to /home/la.kumar/.npm/registry.npmjs.org/sorted-object/.cache.json
110 http 304 https://registry.npmjs.org/mkdirp
111 verbose headers { date: 'Wed, 24 Jan 2018 14:05:01 GMT',
111 verbose headers   via: '1.1 varnish',
111 verbose headers   'cache-control': 'max-age=300',
111 verbose headers   etag: '"5a66c17f-697a"',
111 verbose headers   age: '3826',
111 verbose headers   connection: 'keep-alive',
111 verbose headers   'x-served-by': 'cache-sin18021-SIN',
111 verbose headers   'x-cache': 'HIT',
111 verbose headers   'x-cache-hits': '111',
111 verbose headers   'x-timer': 'S1516802701.305171,VS0,VE0',
111 verbose headers   vary: 'Accept-Encoding, Accept' }
112 silly get cb [ 304,
112 silly get   { date: 'Wed, 24 Jan 2018 14:05:01 GMT',
112 silly get     via: '1.1 varnish',
112 silly get     'cache-control': 'max-age=300',
112 silly get     etag: '"5a66c17f-697a"',
112 silly get     age: '3826',
112 silly get     connection: 'keep-alive',
112 silly get     'x-served-by': 'cache-sin18021-SIN',
112 silly get     'x-cache': 'HIT',
112 silly get     'x-cache-hits': '111',
112 silly get     'x-timer': 'S1516802701.305171,VS0,VE0',
112 silly get     vary: 'Accept-Encoding, Accept' } ]
113 verbose etag https://registry.npmjs.org/mkdirp from cache
114 verbose get saving mkdirp to /home/la.kumar/.npm/registry.npmjs.org/mkdirp/.cache.json
115 http 304 https://registry.npmjs.org/ejs
116 verbose headers { date: 'Wed, 24 Jan 2018 14:05:01 GMT',
116 verbose headers   via: '1.1 varnish',
116 verbose headers   'cache-control': 'max-age=300',
116 verbose headers   etag: '"5a6709fc-12095"',
116 verbose headers   age: '13650',
116 verbose headers   connection: 'keep-alive',
116 verbose headers   'x-served-by': 'cache-sin18034-SIN',
116 verbose headers   'x-cache': 'HIT',
116 verbose headers   'x-cache-hits': '88',
116 verbose headers   'x-timer': 'S1516802701.305466,VS0,VE0',
116 verbose headers   vary: 'Accept-Encoding, Accept' }
117 silly get cb [ 304,
117 silly get   { date: 'Wed, 24 Jan 2018 14:05:01 GMT',
117 silly get     via: '1.1 varnish',
117 silly get     'cache-control': 'max-age=300',
117 silly get     etag: '"5a6709fc-12095"',
117 silly get     age: '13650',
117 silly get     connection: 'keep-alive',
117 silly get     'x-served-by': 'cache-sin18034-SIN',
117 silly get     'x-cache': 'HIT',
117 silly get     'x-cache-hits': '88',
117 silly get     'x-timer': 'S1516802701.305466,VS0,VE0',
117 silly get     vary: 'Accept-Encoding, Accept' } ]
118 verbose etag https://registry.npmjs.org/ejs from cache
119 verbose get saving ejs to /home/la.kumar/.npm/registry.npmjs.org/ejs/.cache.json
120 silly resolveWithNewModule commander@2.11.0 checking installable status
121 silly cache add args [ 'commander@2.11.0', null ]
122 verbose cache add spec commander@2.11.0
123 silly cache add parsed spec Result {
123 silly cache add   raw: 'commander@2.11.0',
123 silly cache add   scope: null,
123 silly cache add   name: 'commander',
123 silly cache add   rawSpec: '2.11.0',
123 silly cache add   spec: '2.11.0',
123 silly cache add   type: 'version' }
124 silly addNamed commander@2.11.0
125 verbose addNamed "2.11.0" is a plain semver version for commander
126 silly mapToRegistry name commander
127 silly mapToRegistry using default registry
128 silly mapToRegistry registry https://registry.npmjs.org/
129 silly mapToRegistry uri https://registry.npmjs.org/commander
130 verbose addNameVersion registry:https://registry.npmjs.org/commander not in flight; fetching
131 silly resolveWithNewModule mkdirp@0.5.1 checking installable status
132 silly cache add args [ 'mkdirp@0.5.1', null ]
133 verbose cache add spec mkdirp@0.5.1
134 silly cache add parsed spec Result {
134 silly cache add   raw: 'mkdirp@0.5.1',
134 silly cache add   scope: null,
134 silly cache add   name: 'mkdirp',
134 silly cache add   rawSpec: '0.5.1',
134 silly cache add   spec: '0.5.1',
134 silly cache add   type: 'version' }
135 silly addNamed mkdirp@0.5.1
136 verbose addNamed "0.5.1" is a plain semver version for mkdirp
137 silly mapToRegistry name mkdirp
138 silly mapToRegistry using default registry
139 silly mapToRegistry registry https://registry.npmjs.org/
140 silly mapToRegistry uri https://registry.npmjs.org/mkdirp
141 verbose addNameVersion registry:https://registry.npmjs.org/mkdirp not in flight; fetching
142 silly resolveWithNewModule sorted-object@2.0.1 checking installable status
143 silly cache add args [ 'sorted-object@2.0.1', null ]
144 verbose cache add spec sorted-object@2.0.1
145 silly cache add parsed spec Result {
145 silly cache add   raw: 'sorted-object@2.0.1',
145 silly cache add   scope: null,
145 silly cache add   name: 'sorted-object',
145 silly cache add   rawSpec: '2.0.1',
145 silly cache add   spec: '2.0.1',
145 silly cache add   type: 'version' }
146 silly addNamed sorted-object@2.0.1
147 verbose addNamed "2.0.1" is a plain semver version for sorted-object
148 silly mapToRegistry name sorted-object
149 silly mapToRegistry using default registry
150 silly mapToRegistry registry https://registry.npmjs.org/
151 silly mapToRegistry uri https://registry.npmjs.org/sorted-object
152 verbose addNameVersion registry:https://registry.npmjs.org/sorted-object not in flight; fetching
153 silly resolveWithNewModule ejs@2.5.7 checking installable status
154 silly cache add args [ 'ejs@2.5.7', null ]
155 verbose cache add spec ejs@2.5.7
156 silly cache add parsed spec Result {
156 silly cache add   raw: 'ejs@2.5.7',
156 silly cache add   scope: null,
156 silly cache add   name: 'ejs',
156 silly cache add   rawSpec: '2.5.7',
156 silly cache add   spec: '2.5.7',
156 silly cache add   type: 'version' }
157 silly addNamed ejs@2.5.7
158 verbose addNamed "2.5.7" is a plain semver version for ejs
159 silly mapToRegistry name ejs
160 silly mapToRegistry using default registry
161 silly mapToRegistry registry https://registry.npmjs.org/
162 silly mapToRegistry uri https://registry.npmjs.org/ejs
163 verbose addNameVersion registry:https://registry.npmjs.org/ejs not in flight; fetching
164 verbose get https://registry.npmjs.org/commander not expired, no request
165 verbose get https://registry.npmjs.org/mkdirp not expired, no request
166 verbose get https://registry.npmjs.org/sorted-object not expired, no request
167 verbose get https://registry.npmjs.org/ejs not expired, no request
168 silly cache afterAdd commander@2.11.0
169 verbose afterAdd /home/la.kumar/.npm/commander/2.11.0/package/package.json not in flight; writing
170 silly cache afterAdd sorted-object@2.0.1
171 verbose afterAdd /home/la.kumar/.npm/sorted-object/2.0.1/package/package.json not in flight; writing
172 silly cache afterAdd mkdirp@0.5.1
173 verbose afterAdd /home/la.kumar/.npm/mkdirp/0.5.1/package/package.json not in flight; writing
174 silly cache afterAdd ejs@2.5.7
175 verbose afterAdd /home/la.kumar/.npm/ejs/2.5.7/package/package.json not in flight; writing
176 verbose afterAdd /home/la.kumar/.npm/commander/2.11.0/package/package.json written
177 verbose afterAdd /home/la.kumar/.npm/mkdirp/0.5.1/package/package.json written
178 verbose afterAdd /home/la.kumar/.npm/sorted-object/2.0.1/package/package.json written
179 verbose afterAdd /home/la.kumar/.npm/ejs/2.5.7/package/package.json written
180 silly fetchNamedPackageData minimist
181 silly mapToRegistry name minimist
182 silly mapToRegistry using default registry
183 silly mapToRegistry registry https://registry.npmjs.org/
184 silly mapToRegistry uri https://registry.npmjs.org/minimist
185 verbose request uri https://registry.npmjs.org/minimist
186 verbose request no auth needed
187 info attempt registry request try #1 at 7:35:01 PM
188 verbose etag "5a66bad4-7928"
189 verbose lastModified Tue, 23 Jan 2018 4:32:20 GMT
190 http request GET https://registry.npmjs.org/minimist
191 http 304 https://registry.npmjs.org/minimist
192 verbose headers { date: 'Wed, 24 Jan 2018 14:05:01 GMT',
192 verbose headers   via: '1.1 varnish',
192 verbose headers   'cache-control': 'max-age=300',
192 verbose headers   etag: '"5a66bad4-7928"',
192 verbose headers   age: '5518',
192 verbose headers   connection: 'keep-alive',
192 verbose headers   'x-served-by': 'cache-sin18031-SIN',
192 verbose headers   'x-cache': 'HIT',
192 verbose headers   'x-cache-hits': '263',
192 verbose headers   'x-timer': 'S1516802702.658097,VS0,VE0',
192 verbose headers   vary: 'Accept-Encoding, Accept' }
193 silly get cb [ 304,
193 silly get   { date: 'Wed, 24 Jan 2018 14:05:01 GMT',
193 silly get     via: '1.1 varnish',
193 silly get     'cache-control': 'max-age=300',
193 silly get     etag: '"5a66bad4-7928"',
193 silly get     age: '5518',
193 silly get     connection: 'keep-alive',
193 silly get     'x-served-by': 'cache-sin18031-SIN',
193 silly get     'x-cache': 'HIT',
193 silly get     'x-cache-hits': '263',
193 silly get     'x-timer': 'S1516802702.658097,VS0,VE0',
193 silly get     vary: 'Accept-Encoding, Accept' } ]
194 verbose etag https://registry.npmjs.org/minimist from cache
195 verbose get saving minimist to /home/la.kumar/.npm/registry.npmjs.org/minimist/.cache.json
196 silly resolveWithNewModule minimist@0.0.8 checking installable status
197 silly cache add args [ 'minimist@0.0.8', null ]
198 verbose cache add spec minimist@0.0.8
199 silly cache add parsed spec Result {
199 silly cache add   raw: 'minimist@0.0.8',
199 silly cache add   scope: null,
199 silly cache add   name: 'minimist',
199 silly cache add   rawSpec: '0.0.8',
199 silly cache add   spec: '0.0.8',
199 silly cache add   type: 'version' }
200 silly addNamed minimist@0.0.8
201 verbose addNamed "0.0.8" is a plain semver version for minimist
202 silly mapToRegistry name minimist
203 silly mapToRegistry using default registry
204 silly mapToRegistry registry https://registry.npmjs.org/
205 silly mapToRegistry uri https://registry.npmjs.org/minimist
206 verbose addNameVersion registry:https://registry.npmjs.org/minimist not in flight; fetching
207 verbose get https://registry.npmjs.org/minimist not expired, no request
208 silly cache afterAdd minimist@0.0.8
209 verbose afterAdd /home/la.kumar/.npm/minimist/0.0.8/package/package.json not in flight; writing
210 verbose afterAdd /home/la.kumar/.npm/minimist/0.0.8/package/package.json written
211 silly loadAllDepsIntoIdealTree Finishing
212 silly idealTree:prePrune lib
212 silly idealTree:prePrune `-- express-generator@4.15.5
212 silly idealTree:prePrune   +-- commander@2.11.0
212 silly idealTree:prePrune   +-- ejs@2.5.7
212 silly idealTree:prePrune   +-- minimist@0.0.8
212 silly idealTree:prePrune   +-- mkdirp@0.5.1
212 silly idealTree:prePrune   `-- sorted-object@2.0.1
213 silly loadIdealTree Finishing
214 silly currentTree lib
215 silly idealTree lib
215 silly idealTree `-- express-generator@4.15.5
215 silly idealTree   +-- commander@2.11.0
215 silly idealTree   +-- ejs@2.5.7
215 silly idealTree   +-- minimist@0.0.8
215 silly idealTree   +-- mkdirp@0.5.1
215 silly idealTree   `-- sorted-object@2.0.1
216 silly generateActionsToTake Starting
217 silly install generateActionsToTake
218 warn checkPermissions Missing write access to /usr/local/lib/node_modules
219 silly rollbackFailedOptional Starting
220 silly rollbackFailedOptional Finishing
221 silly runTopLevelLifecycles Starting
222 silly runTopLevelLifecycles Finishing
223 silly install printInstalled
224 verbose stack Error: EACCES: permission denied, access '/usr/local/lib/node_modules'
224 verbose stack     at Error (native)
225 verbose cwd /home/la.kumar/nodeProject
226 error Linux 4.4.0-109-generic
227 error argv "/usr/bin/nodejs" "/usr/bin/npm" "install" "-g" "express-generator"
228 error node v4.2.6
229 error npm  v3.5.2
230 error path /usr/local/lib/node_modules
231 error code EACCES
232 error errno -13
233 error syscall access
234 error Error: EACCES: permission denied, access '/usr/local/lib/node_modules'
234 error     at Error (native)
234 error  { [Error: EACCES: permission denied, access '/usr/local/lib/node_modules']
234 error   errno: -13,
234 error   code: 'EACCES',
234 error   syscall: 'access',
234 error   path: '/usr/local/lib/node_modules' }
235 error Please try running this command again as root/Administrator.
236 verbose exit [ -13, true ]
